This is LuaTeX, Version beta-0.80.0 (TeX Live 2015) (rev 5238)  (format=lualatex 2016.2.10)  14 AUG 2017 13:50
 \write18 enabled.
 file:line:error style messages enabled.
**\input sections.sty
(./sections.sty

./sections.sty:1: LaTeX Error: \usepackage before \documentclass.

See the LaTeX manual or LaTeX Companion for explanation.
Type  H <return>  for immediate help.
 ...                                              
                                                  
l.1 \usepackage{
              titlesec}
\usepackage may only appear in the document preamble, i.e.,
between \documentclass and \begin{document}.


./sections.sty:2: LaTeX Error: \usepackage before \documentclass.

See the LaTeX manual or LaTeX Companion for explanation.
Type  H <return>  for immediate help.
 ...                                              
                                                  
l.2 \usepackage{
              titletoc}
\usepackage may only appear in the document preamble, i.e.,
between \documentclass and \begin{document}.

./sections.sty:4: Undefined control sequence.
l.4 \titleformat
              
The control sequence at the end of the top line
of your error message was never \def'ed. If you have
misspelled it (e.g., `\hobx'), type `I' and the correct
spelling (e.g., `I\hbox'). Otherwise just continue,
and I'll forget about whatever was undefined.

./sections.sty:5: Undefined control sequence.
l.5 {\section
           } % command
The control sequence at the end of the top line
of your error message was never \def'ed. If you have
misspelled it (e.g., `\hobx'), type `I' and the correct
spelling (e.g., `I\hbox'). Otherwise just continue,
and I'll forget about whatever was undefined.


./sections.sty:6: LaTeX Error: Missing \begin{document}.

See the LaTeX manual or LaTeX Companion for explanation.
Type  H <return>  for immediate help.
 ...                                              
                                                  
l.6 [
   hang] % shape
You're in trouble here.  Try typing  <return>  to proceed.
If that doesn't work, type  X <return>  to quit.

./sections.sty:7: Undefined control sequence.
l.7 {\raggedleft\bfseries\Large
                             } % format
The control sequence at the end of the top line
of your error message was never \def'ed. If you have
misspelled it (e.g., `\hobx'), type `I' and the correct
spelling (e.g., `I\hbox'). Otherwise just continue,
and I'll forget about whatever was undefined.

./sections.sty:8: Undefined control sequence.
l.8 {\thesection
              } % label
The control sequence at the end of the top line
of your error message was never \def'ed. If you have
misspelled it (e.g., `\hobx'), type `I' and the correct
spelling (e.g., `I\hbox'). Otherwise just continue,
and I'll forget about whatever was undefined.


Overfull \hbox (20.0pt too wide) in paragraph at lines 6--19
[][][hang]
 []

./sections.sty:20: Undefined control sequence.
l.20 \titlecontents
                 {section}[0em]
The control sequence at the end of the top line
of your error message was never \def'ed. If you have
misspelled it (e.g., `\hobx'), type `I' and the correct
spelling (e.g., `I\hbox'). Otherwise just continue,
and I'll forget about whatever was undefined.


./sections.sty:20: LaTeX Error: Missing \begin{document}.

See the LaTeX manual or LaTeX Companion for explanation.
Type  H <return>  for immediate help.
 ...                                              
                                                  
l.20 \titlecontents{s
                   ection}[0em]
You're in trouble here.  Try typing  <return>  to proceed.
If that doesn't work, type  X <return>  to quit.


Overfull \hbox (20.0pt too wide) in paragraph at lines 20--21
[][]section[0em] 
 []

./sections.sty:22: Undefined control sequence.
l.22 {\contentslabel
                  {2em}}% unnumbered sections formatting
The control sequence at the end of the top line
of your error message was never \def'ed. If you have
misspelled it (e.g., `\hobx'), type `I' and the correct
spelling (e.g., `I\hbox'). Otherwise just continue,
and I'll forget about whatever was undefined.


./sections.sty:22: LaTeX Error: Missing \begin{document}.

See the LaTeX manual or LaTeX Companion for explanation.
Type  H <return>  for immediate help.
 ...                                              
                                                  
l.22 {\contentslabel{2
                    em}}% unnumbered sections formatting
You're in trouble here.  Try typing  <return>  to proceed.
If that doesn't work, type  X <return>  to quit.

./sections.sty:23: Undefined control sequence.
l.23 {\contentslabel
                  {2em}}% unnumbered sections formatting
The control sequence at the end of the top line
of your error message was never \def'ed. If you have
misspelled it (e.g., `\hobx'), type `I' and the correct
spelling (e.g., `I\hbox'). Otherwise just continue,
and I'll forget about whatever was undefined.


Overfull \hbox (20.0pt too wide) in paragraph at lines 22--26
[][]2em2em 
 []

)
! Emergency stop.
<*> \input sections.sty
                    
*** (job aborted, no legal \end found)



Here is how much of LuaTeX's memory you used:
 11 strings out of 494693
 100000,89155 words of node,token memory allocated 561 words of node memory still in use:
   7 hlist, 18 glue, 4 penalty, 31 glyph, 36 glue_spec, 3 local_par, 1 dir nodes
   avail lists: 1:1,2:12,4:1,6:1,7:4,10:2
 3864 multiletter control sequences out of 65536+600000
 15 fonts using 601983 bytes
 12i,1n,9p,74b,65s stack positions out of 5000i,500n,10000p,200000b,100000s
!  ==> Fatal error occurred, no output PDF file produced!
